<?xml version="1.0" encoding="UTF-8" standalone="yes"?>
<ns2:test-suite xmlns:ns2="urn:model.allure.qatools.yandex.ru" start="1570911587030" stop="1570911589529">
    <name>Default Suite</name>
    <test-cases>
        <test-case start="1570911587052" stop="1570911589527" status="failed">
            <name>test1</name>
            <failure>
                <message>AssertionError: Lists differ at element [0]: AvPrcice{average=10209.944166666666, ts=2019-09-12 00:00:00.0, check=true} != AvPrcice{average=10232.75, ts=2019-09-12 00:00:00.0, check=false} expected [AvPrcice{average=10209.944166666666, ts=2019-09-12 00:00:00.0, check=true}] but found [AvPrcice{average=10232.75, ts=2019-09-12 00:00:00.0, check=false}]</message>
                <stack-trace>java.lang.AssertionError: Lists differ at element [0]: AvPrcice{average=10209.944166666666, ts=2019-09-12 00:00:00.0, check=true} != AvPrcice{average=10232.75, ts=2019-09-12 00:00:00.0, check=false} expected [AvPrcice{average=10209.944166666666, ts=2019-09-12 00:00:00.0, check=true}] but found [AvPrcice{average=10232.75, ts=2019-09-12 00:00:00.0, check=false}]
	at org.testng.Assert.fail(Assert.java:96)
	at org.testng.Assert.failNotEquals(Assert.java:776)
	at org.testng.Assert.assertEqualsImpl(Assert.java:137)
	at org.testng.Assert.assertEquals(Assert.java:831)
	at org.testng.Assert.assertEquals(Assert.java:796)
	at tests.Test1.test1(Test1.java:42)
	at sun.reflect.NativeMethodAccessorImpl.invoke0(Native Method)
	at sun.reflect.NativeMethodAccessorImpl.invoke(NativeMethodAccessorImpl.java:62)
	at sun.reflect.DelegatingMethodAccessorImpl.invoke(DelegatingMethodAccessorImpl.java:43)
	at java.lang.reflect.Method.invoke(Method.java:498)
	at org.testng.internal.MethodInvocationHelper.invokeMethod(MethodInvocationHelper.java:124)
	at org.testng.internal.Invoker.invokeMethod(Invoker.java:583)
	at org.testng.internal.Invoker.invokeTestMethod(Invoker.java:719)
	at org.testng.internal.Invoker.invokeTestMethods(Invoker.java:989)
	at org.testng.internal.TestMethodWorker.invokeTestMethods(TestMethodWorker.java:125)
	at org.testng.internal.TestMethodWorker.run(TestMethodWorker.java:109)
	at org.testng.TestRunner.privateRun(TestRunner.java:648)
	at org.testng.TestRunner.run(TestRunner.java:505)
	at org.testng.SuiteRunner.runTest(SuiteRunner.java:455)
	at org.testng.SuiteRunner.runSequentially(SuiteRunner.java:450)
	at org.testng.SuiteRunner.privateRun(SuiteRunner.java:415)
	at org.testng.SuiteRunner.run(SuiteRunner.java:364)
	at org.testng.SuiteRunnerWorker.runSuite(SuiteRunnerWorker.java:52)
	at org.testng.SuiteRunnerWorker.run(SuiteRunnerWorker.java:84)
	at org.testng.TestNG.runSuitesSequentially(TestNG.java:1208)
	at org.testng.TestNG.runSuitesLocally(TestNG.java:1137)
	at org.testng.TestNG.runSuites(TestNG.java:1049)
	at org.testng.TestNG.run(TestNG.java:1017)
	at org.testng.IDEARemoteTestNG.run(IDEARemoteTestNG.java:73)
	at org.testng.RemoteTestNGStarter.main(RemoteTestNGStarter.java:123)
</stack-trace>
            </failure>
            <steps/>
            <attachments/>
            <labels/>
        </test-case>
    </test-cases>
    <labels/>
</ns2:test-suite>
